<?xml version="1.0" encoding="UTF-8"?>
<coverage generated="1565358716278" clover="3.2.0">
  <project timestamp="1565358716279" name="All files">
    <metrics statements="12" coveredstatements="9" conditionals="6" coveredconditionals="4" methods="5" coveredmethods="4" elements="23" coveredelements="17" complexity="0" loc="12" ncloc="12" packages="1" files="2" classes="2">
      <file name="map-recursive.js" path="/home/rafael/Documentos/reactNinja/m02/jest-in-practice/src/map/map-recursive.js">
        <metrics statements="7" coveredstatements="4" conditionals="4" coveredconditionals="2" methods="3" coveredmethods="2"/>
        <line num="3" count="1" type="cond" truecount="2" falsecount="0"/>
        <line num="4" count="8" type="stmt"/>
        <line num="5" count="8" type="stmt"/>
        <line num="6" count="8" type="cond" truecount="0" falsecount="2"/>
        <line num="7" count="0" type="stmt"/>
        <line num="10" count="0" type="stmt"/>
        <line num="11" count="0" type="stmt"/>
      </file>
      <file name="map.js" path="/home/rafael/Documentos/reactNinja/m02/jest-in-practice/src/map/map.js">
        <metrics statements="5" coveredstatements="5" conditionals="2" coveredconditionals="2" methods="2" coveredmethods="2"/>
        <line num="3" count="2" type="cond" truecount="2" falsecount="0"/>
        <line num="5" count="8" type="stmt"/>
        <line num="7" count="8" type="stmt"/>
        <line num="8" count="14" type="stmt"/>
        <line num="9" count="8" type="stmt"/>
      </file>
    </metrics>
  </project>
</coverage>
