{"/home/rafael/Documentos/reactNinja/m02/jest-in-practice/src/map/map-recursive.js": {"path":"/home/rafael/Documentos/reactNinja/m02/jest-in-practice/src/map/map-recursive.js","statementMap":{"0":{"start":{"line":3,"column":12},"end":{"line":13,"column":1}},"1":{"start":{"line":3,"column":40},"end":{"line":3,"column":44}},"2":{"start":{"line":4,"column":16},"end":{"line":4,"column":17}},"3":{"start":{"line":5,"column":4},"end":{"line":12,"column":11}},"4":{"start":{"line":6,"column":8},"end":{"line":8,"column":9}},"5":{"start":{"line":7,"column":12},"end":{"line":7,"column":21}},"6":{"start":{"line":10,"column":32},"end":{"line":10,"column":43}},"7":{"start":{"line":11,"column":8},"end":{"line":11,"column":73}}},"fnMap":{"0":{"name":"(anonymous_0)","decl":{"start":{"line":3,"column":12},"end":{"line":3,"column":13}},"loc":{"start":{"line":3,"column":49},"end":{"line":13,"column":1}},"line":3},"1":{"name":"(anonymous_1)","decl":{"start":{"line":3,"column":30},"end":{"line":3,"column":31}},"loc":{"start":{"line":3,"column":40},"end":{"line":3,"column":44}},"line":3},"2":{"name":"mapInternal","decl":{"start":{"line":5,"column":21},"end":{"line":5,"column":32}},"loc":{"start":{"line":5,"column":49},"end":{"line":12,"column":5}},"line":5}},"branchMap":{"0":{"loc":{"start":{"line":3,"column":13},"end":{"line":3,"column":21}},"type":"default-arg","locations":[{"start":{"line":3,"column":19},"end":{"line":3,"column":21}}],"line":3},"1":{"loc":{"start":{"line":3,"column":23},"end":{"line":3,"column":44}},"type":"default-arg","locations":[{"start":{"line":3,"column":30},"end":{"line":3,"column":44}}],"line":3},"2":{"loc":{"start":{"line":6,"column":8},"end":{"line":8,"column":9}},"type":"if","locations":[{"start":{"line":6,"column":8},"end":{"line":8,"column":9}},{"start":{"line":6,"column":8},"end":{"line":8,"column":9}}],"line":6}},"s":{"0":1,"1":0,"2":8,"3":8,"4":8,"5":0,"6":0,"7":0},"f":{"0":8,"1":0,"2":8},"b":{"0":[1],"1":[2],"2":[0,0]},"_coverageSchema":"332fd63041d2c1bcb487cc26dd0d5f7d97098a6c","hash":"d2daf9d13e414b5038ce9ee8d7a7f8fe139f10ac"}
,"/home/rafael/Documentos/reactNinja/m02/jest-in-practice/src/map/map.js": {"path":"/home/rafael/Documentos/reactNinja/m02/jest-in-practice/src/map/map.js","statementMap":{"0":{"start":{"line":3,"column":12},"end":{"line":10,"column":1}},"1":{"start":{"line":3,"column":40},"end":{"line":3,"column":44}},"2":{"start":{"line":5,"column":23},"end":{"line":5,"column":25}},"3":{"start":{"line":7,"column":8},"end":{"line":8,"column":47}},"4":{"start":{"line":8,"column":12},"end":{"line":8,"column":47}},"5":{"start":{"line":9,"column":8},"end":{"line":9,"column":23}}},"fnMap":{"0":{"name":"(anonymous_0)","decl":{"start":{"line":3,"column":12},"end":{"line":3,"column":13}},"loc":{"start":{"line":3,"column":49},"end":{"line":10,"column":1}},"line":3},"1":{"name":"(anonymous_1)","decl":{"start":{"line":3,"column":30},"end":{"line":3,"column":31}},"loc":{"start":{"line":3,"column":40},"end":{"line":3,"column":44}},"line":3}},"branchMap":{"0":{"loc":{"start":{"line":3,"column":13},"end":{"line":3,"column":21}},"type":"default-arg","locations":[{"start":{"line":3,"column":19},"end":{"line":3,"column":21}}],"line":3},"1":{"loc":{"start":{"line":3,"column":23},"end":{"line":3,"column":44}},"type":"default-arg","locations":[{"start":{"line":3,"column":30},"end":{"line":3,"column":44}}],"line":3}},"s":{"0":1,"1":2,"2":8,"3":8,"4":14,"5":8},"f":{"0":8,"1":2},"b":{"0":[1],"1":[2]},"_coverageSchema":"332fd63041d2c1bcb487cc26dd0d5f7d97098a6c","hash":"486ac8397097e1c5b52db8689d5a0b698f9347d9"}
}
