TN:
SF:/home/rafael/Documentos/reactNinja/m02/jest-in-practice/src/map/map-recursive.js
FN:3,(anonymous_0)
FN:3,(anonymous_1)
FN:5,mapInternal
FNF:3
FNH:2
FNDA:8,(anonymous_0)
FNDA:0,(anonymous_1)
FNDA:8,mapInternal
DA:3,1
DA:4,8
DA:5,8
DA:6,8
DA:7,0
DA:10,0
DA:11,0
LF:7
LH:4
BRDA:3,0,0,1
BRDA:3,1,0,2
BRDA:6,2,0,0
BRDA:6,2,1,0
BRF:4
BRH:2
end_of_record
TN:
SF:/home/rafael/Documentos/reactNinja/m02/jest-in-practice/src/map/map.js
FN:3,(anonymous_0)
FN:3,(anonymous_1)
FNF:2
FNH:2
FNDA:8,(anonymous_0)
FNDA:2,(anonymous_1)
DA:3,2
DA:5,8
DA:7,8
DA:8,14
DA:9,8
LF:5
LH:5
BRDA:3,0,0,1
BRDA:3,1,0,2
BRF:2
BRH:2
end_of_record
